#############START#############
最終ページ
スレッド数：3
要素取得エラー：Traceback (most recent call last):
  File "e:\jobs\自作ツール\まとめてサクラチェッカー\engine\amazonserch.py", line 72, in fetch_details_info
    'price').text
  File "C:\Users\kazu0920\anaconda3\lib\site-packages\selenium\webdriver\remote\webdriver.py", line 360, in find_element_by_id
    return self.find_element(by=By.ID, value=id_)
  File "C:\Users\kazu0920\anaconda3\lib\site-packages\selenium\webdriver\remote\webdriver.py", line 978, in find_element
    'value': value})['value']
  File "C:\Users\kazu0920\anaconda3\lib\site-packages\selenium\webdriver\remote\webdriver.py", line 321, in execute
    self.error_handler.check_response(response)
  File "C:\Users\kazu0920\anaconda3\lib\site-packages\selenium\webdriver\remote\errorhandler.py", line 242, in check_response
    raise exception_class(message, screen, stacktrace)
selenium.common.exceptions.NoSuchElementException: Message: no such element: Unable to locate element: {"method":"css selector","selector":"[id="price"]"}
  (Session info: headless chrome=90.0.4430.93)


要素取得エラー：Traceback (most recent call last):
  File "e:\jobs\自作ツール\まとめてサクラチェッカー\engine\amazonserch.py", line 72, in fetch_details_info
    'price').text
  File "C:\Users\kazu0920\anaconda3\lib\site-packages\selenium\webdriver\remote\webdriver.py", line 360, in find_element_by_id
    return self.find_element(by=By.ID, value=id_)
  File "C:\Users\kazu0920\anaconda3\lib\site-packages\selenium\webdriver\remote\webdriver.py", line 978, in find_element
    'value': value})['value']
  File "C:\Users\kazu0920\anaconda3\lib\site-packages\selenium\webdriver\remote\webdriver.py", line 321, in execute
    self.error_handler.check_response(response)
  File "C:\Users\kazu0920\anaconda3\lib\site-packages\selenium\webdriver\remote\errorhandler.py", line 242, in check_response
    raise exception_class(message, screen, stacktrace)
selenium.common.exceptions.NoSuchElementException: Message: no such element: Unable to locate element: {"method":"css selector","selector":"[id="price"]"}
  (Session info: headless chrome=90.0.4430.93)


要素取得エラー：Traceback (most recent call last):
  File "e:\jobs\自作ツール\まとめてサクラチェッカー\engine\amazonserch.py", line 72, in fetch_details_info
    'price').text
  File "C:\Users\kazu0920\anaconda3\lib\site-packages\selenium\webdriver\remote\webdriver.py", line 360, in find_element_by_id
    return self.find_element(by=By.ID, value=id_)
  File "C:\Users\kazu0920\anaconda3\lib\site-packages\selenium\webdriver\remote\webdriver.py", line 978, in find_element
    'value': value})['value']
  File "C:\Users\kazu0920\anaconda3\lib\site-packages\selenium\webdriver\remote\webdriver.py", line 321, in execute
    self.error_handler.check_response(response)
  File "C:\Users\kazu0920\anaconda3\lib\site-packages\selenium\webdriver\remote\errorhandler.py", line 242, in check_response
    raise exception_class(message, screen, stacktrace)
selenium.common.exceptions.NoSuchElementException: Message: no such element: Unable to locate element: {"method":"css selector","selector":"[id="price"]"}
  (Session info: headless chrome=90.0.4430.93)


要素取得エラー：Traceback (most recent call last):
  File "e:\jobs\自作ツール\まとめてサクラチェッカー\engine\amazonserch.py", line 72, in fetch_details_info
    'price').text
  File "C:\Users\kazu0920\anaconda3\lib\site-packages\selenium\webdriver\remote\webdriver.py", line 360, in find_element_by_id
    return self.find_element(by=By.ID, value=id_)
  File "C:\Users\kazu0920\anaconda3\lib\site-packages\selenium\webdriver\remote\webdriver.py", line 978, in find_element
    'value': value})['value']
  File "C:\Users\kazu0920\anaconda3\lib\site-packages\selenium\webdriver\remote\webdriver.py", line 321, in execute
    self.error_handler.check_response(response)
  File "C:\Users\kazu0920\anaconda3\lib\site-packages\selenium\webdriver\remote\errorhandler.py", line 242, in check_response
    raise exception_class(message, screen, stacktrace)
selenium.common.exceptions.NoSuchElementException: Message: no such element: Unable to locate element: {"method":"css selector","selector":"[id="price"]"}
  (Session info: headless chrome=90.0.4430.93)


要素取得エラー：Traceback (most recent call last):
  File "e:\jobs\自作ツール\まとめてサクラチェッカー\engine\amazonserch.py", line 72, in fetch_details_info
    'price').text
  File "C:\Users\kazu0920\anaconda3\lib\site-packages\selenium\webdriver\remote\webdriver.py", line 360, in find_element_by_id
    return self.find_element(by=By.ID, value=id_)
  File "C:\Users\kazu0920\anaconda3\lib\site-packages\selenium\webdriver\remote\webdriver.py", line 978, in find_element
    'value': value})['value']
  File "C:\Users\kazu0920\anaconda3\lib\site-packages\selenium\webdriver\remote\webdriver.py", line 321, in execute
    self.error_handler.check_response(response)
  File "C:\Users\kazu0920\anaconda3\lib\site-packages\selenium\webdriver\remote\errorhandler.py", line 242, in check_response
    raise exception_class(message, screen, stacktrace)
selenium.common.exceptions.NoSuchElementException: Message: no such element: Unable to locate element: {"method":"css selector","selector":"[id="price"]"}
  (Session info: headless chrome=90.0.4430.93)


詳細の取得完了：13 件
要素取得エラー：Traceback (most recent call last):
  File "e:\jobs\自作ツール\まとめてサクラチェッカー\engine\amazonserch.py", line 72, in fetch_details_info
    'price').text
  File "C:\Users\kazu0920\anaconda3\lib\site-packages\selenium\webdriver\remote\webdriver.py", line 360, in find_element_by_id
    return self.find_element(by=By.ID, value=id_)
  File "C:\Users\kazu0920\anaconda3\lib\site-packages\selenium\webdriver\remote\webdriver.py", line 978, in find_element
    'value': value})['value']
  File "C:\Users\kazu0920\anaconda3\lib\site-packages\selenium\webdriver\remote\webdriver.py", line 321, in execute
    self.error_handler.check_response(response)
  File "C:\Users\kazu0920\anaconda3\lib\site-packages\selenium\webdriver\remote\errorhandler.py", line 242, in check_response
    raise exception_class(message, screen, stacktrace)
selenium.common.exceptions.NoSuchElementException: Message: no such element: Unable to locate element: {"method":"css selector","selector":"[id="price"]"}
  (Session info: headless chrome=90.0.4430.93)


要素取得エラー：Traceback (most recent call last):
  File "e:\jobs\自作ツール\まとめてサクラチェッカー\engine\amazonserch.py", line 72, in fetch_details_info
    'price').text
  File "C:\Users\kazu0920\anaconda3\lib\site-packages\selenium\webdriver\remote\webdriver.py", line 360, in find_element_by_id
    return self.find_element(by=By.ID, value=id_)
  File "C:\Users\kazu0920\anaconda3\lib\site-packages\selenium\webdriver\remote\webdriver.py", line 978, in find_element
    'value': value})['value']
  File "C:\Users\kazu0920\anaconda3\lib\site-packages\selenium\webdriver\remote\webdriver.py", line 321, in execute
    self.error_handler.check_response(response)
  File "C:\Users\kazu0920\anaconda3\lib\site-packages\selenium\webdriver\remote\errorhandler.py", line 242, in check_response
    raise exception_class(message, screen, stacktrace)
selenium.common.exceptions.NoSuchElementException: Message: no such element: Unable to locate element: {"method":"css selector","selector":"[id="price"]"}
  (Session info: headless chrome=90.0.4430.93)


要素取得エラー：Traceback (most recent call last):
  File "e:\jobs\自作ツール\まとめてサクラチェッカー\engine\amazonserch.py", line 72, in fetch_details_info
    'price').text
  File "C:\Users\kazu0920\anaconda3\lib\site-packages\selenium\webdriver\remote\webdriver.py", line 360, in find_element_by_id
    return self.find_element(by=By.ID, value=id_)
  File "C:\Users\kazu0920\anaconda3\lib\site-packages\selenium\webdriver\remote\webdriver.py", line 978, in find_element
    'value': value})['value']
  File "C:\Users\kazu0920\anaconda3\lib\site-packages\selenium\webdriver\remote\webdriver.py", line 321, in execute
    self.error_handler.check_response(response)
  File "C:\Users\kazu0920\anaconda3\lib\site-packages\selenium\webdriver\remote\errorhandler.py", line 242, in check_response
    raise exception_class(message, screen, stacktrace)
selenium.common.exceptions.NoSuchElementException: Message: no such element: Unable to locate element: {"method":"css selector","selector":"[id="price"]"}
  (Session info: headless chrome=90.0.4430.93)


要素取得エラー：Traceback (most recent call last):
  File "e:\jobs\自作ツール\まとめてサクラチェッカー\engine\amazonserch.py", line 72, in fetch_details_info
    'price').text
  File "C:\Users\kazu0920\anaconda3\lib\site-packages\selenium\webdriver\remote\webdriver.py", line 360, in find_element_by_id
    return self.find_element(by=By.ID, value=id_)
  File "C:\Users\kazu0920\anaconda3\lib\site-packages\selenium\webdriver\remote\webdriver.py", line 978, in find_element
    'value': value})['value']
  File "C:\Users\kazu0920\anaconda3\lib\site-packages\selenium\webdriver\remote\webdriver.py", line 321, in execute
    self.error_handler.check_response(response)
  File "C:\Users\kazu0920\anaconda3\lib\site-packages\selenium\webdriver\remote\errorhandler.py", line 242, in check_response
    raise exception_class(message, screen, stacktrace)
selenium.common.exceptions.NoSuchElementException: Message: no such element: Unable to locate element: {"method":"css selector","selector":"[id="price"]"}
  (Session info: headless chrome=90.0.4430.93)


要素取得エラー：Traceback (most recent call last):
  File "e:\jobs\自作ツール\まとめてサクラチェッカー\engine\amazonserch.py", line 72, in fetch_details_info
    'price').text
  File "C:\Users\kazu0920\anaconda3\lib\site-packages\selenium\webdriver\remote\webdriver.py", line 360, in find_element_by_id
    return self.find_element(by=By.ID, value=id_)
  File "C:\Users\kazu0920\anaconda3\lib\site-packages\selenium\webdriver\remote\webdriver.py", line 978, in find_element
    'value': value})['value']
  File "C:\Users\kazu0920\anaconda3\lib\site-packages\selenium\webdriver\remote\webdriver.py", line 321, in execute
    self.error_handler.check_response(response)
  File "C:\Users\kazu0920\anaconda3\lib\site-packages\selenium\webdriver\remote\errorhandler.py", line 242, in check_response
    raise exception_class(message, screen, stacktrace)
selenium.common.exceptions.NoSuchElementException: Message: no such element: Unable to locate element: {"method":"css selector","selector":"[id="price"]"}
  (Session info: headless chrome=90.0.4430.93)


要素取得エラー：Traceback (most recent call last):
  File "e:\jobs\自作ツール\まとめてサクラチェッカー\engine\amazonserch.py", line 72, in fetch_details_info
    'price').text
  File "C:\Users\kazu0920\anaconda3\lib\site-packages\selenium\webdriver\remote\webdriver.py", line 360, in find_element_by_id
    return self.find_element(by=By.ID, value=id_)
  File "C:\Users\kazu0920\anaconda3\lib\site-packages\selenium\webdriver\remote\webdriver.py", line 978, in find_element
    'value': value})['value']
  File "C:\Users\kazu0920\anaconda3\lib\site-packages\selenium\webdriver\remote\webdriver.py", line 321, in execute
    self.error_handler.check_response(response)
  File "C:\Users\kazu0920\anaconda3\lib\site-packages\selenium\webdriver\remote\errorhandler.py", line 242, in check_response
    raise exception_class(message, screen, stacktrace)
selenium.common.exceptions.NoSuchElementException: Message: no such element: Unable to locate element: {"method":"css selector","selector":"[id="price"]"}
  (Session info: headless chrome=90.0.4430.93)


要素取得エラー：Traceback (most recent call last):
  File "e:\jobs\自作ツール\まとめてサクラチェッカー\engine\amazonserch.py", line 72, in fetch_details_info
    'price').text
  File "C:\Users\kazu0920\anaconda3\lib\site-packages\selenium\webdriver\remote\webdriver.py", line 360, in find_element_by_id
    return self.find_element(by=By.ID, value=id_)
  File "C:\Users\kazu0920\anaconda3\lib\site-packages\selenium\webdriver\remote\webdriver.py", line 978, in find_element
    'value': value})['value']
  File "C:\Users\kazu0920\anaconda3\lib\site-packages\selenium\webdriver\remote\webdriver.py", line 321, in execute
    self.error_handler.check_response(response)
  File "C:\Users\kazu0920\anaconda3\lib\site-packages\selenium\webdriver\remote\errorhandler.py", line 242, in check_response
    raise exception_class(message, screen, stacktrace)
selenium.common.exceptions.NoSuchElementException: Message: no such element: Unable to locate element: {"method":"css selector","selector":"[id="price"]"}
  (Session info: headless chrome=90.0.4430.93)


要素取得エラー：Traceback (most recent call last):
  File "e:\jobs\自作ツール\まとめてサクラチェッカー\engine\amazonserch.py", line 72, in fetch_details_info
    'price').text
  File "C:\Users\kazu0920\anaconda3\lib\site-packages\selenium\webdriver\remote\webdriver.py", line 360, in find_element_by_id
    return self.find_element(by=By.ID, value=id_)
  File "C:\Users\kazu0920\anaconda3\lib\site-packages\selenium\webdriver\remote\webdriver.py", line 978, in find_element
    'value': value})['value']
  File "C:\Users\kazu0920\anaconda3\lib\site-packages\selenium\webdriver\remote\webdriver.py", line 321, in execute
    self.error_handler.check_response(response)
  File "C:\Users\kazu0920\anaconda3\lib\site-packages\selenium\webdriver\remote\errorhandler.py", line 242, in check_response
    raise exception_class(message, screen, stacktrace)
selenium.common.exceptions.NoSuchElementException: Message: no such element: Unable to locate element: {"method":"css selector","selector":"[id="price"]"}
  (Session info: headless chrome=90.0.4430.93)


要素取得エラー：Traceback (most recent call last):
  File "e:\jobs\自作ツール\まとめてサクラチェッカー\engine\amazonserch.py", line 72, in fetch_details_info
    'price').text
  File "C:\Users\kazu0920\anaconda3\lib\site-packages\selenium\webdriver\remote\webdriver.py", line 360, in find_element_by_id
    return self.find_element(by=By.ID, value=id_)
  File "C:\Users\kazu0920\anaconda3\lib\site-packages\selenium\webdriver\remote\webdriver.py", line 978, in find_element
    'value': value})['value']
  File "C:\Users\kazu0920\anaconda3\lib\site-packages\selenium\webdriver\remote\webdriver.py", line 321, in execute
    self.error_handler.check_response(response)
  File "C:\Users\kazu0920\anaconda3\lib\site-packages\selenium\webdriver\remote\errorhandler.py", line 242, in check_response
    raise exception_class(message, screen, stacktrace)
selenium.common.exceptions.NoSuchElementException: Message: no such element: Unable to locate element: {"method":"css selector","selector":"[id="price"]"}
  (Session info: headless chrome=90.0.4430.93)


要素取得エラー：Traceback (most recent call last):
  File "e:\jobs\自作ツール\まとめてサクラチェッカー\engine\amazonserch.py", line 72, in fetch_details_info
    'price').text
  File "C:\Users\kazu0920\anaconda3\lib\site-packages\selenium\webdriver\remote\webdriver.py", line 360, in find_element_by_id
    return self.find_element(by=By.ID, value=id_)
  File "C:\Users\kazu0920\anaconda3\lib\site-packages\selenium\webdriver\remote\webdriver.py", line 978, in find_element
    'value': value})['value']
  File "C:\Users\kazu0920\anaconda3\lib\site-packages\selenium\webdriver\remote\webdriver.py", line 321, in execute
    self.error_handler.check_response(response)
  File "C:\Users\kazu0920\anaconda3\lib\site-packages\selenium\webdriver\remote\errorhandler.py", line 242, in check_response
    raise exception_class(message, screen, stacktrace)
selenium.common.exceptions.NoSuchElementException: Message: no such element: Unable to locate element: {"method":"css selector","selector":"[id="price"]"}
  (Session info: headless chrome=90.0.4430.93)


要素取得エラー：Traceback (most recent call last):
  File "e:\jobs\自作ツール\まとめてサクラチェッカー\engine\amazonserch.py", line 72, in fetch_details_info
    'price').text
  File "C:\Users\kazu0920\anaconda3\lib\site-packages\selenium\webdriver\remote\webdriver.py", line 360, in find_element_by_id
    return self.find_element(by=By.ID, value=id_)
  File "C:\Users\kazu0920\anaconda3\lib\site-packages\selenium\webdriver\remote\webdriver.py", line 978, in find_element
    'value': value})['value']
  File "C:\Users\kazu0920\anaconda3\lib\site-packages\selenium\webdriver\remote\webdriver.py", line 321, in execute
    self.error_handler.check_response(response)
  File "C:\Users\kazu0920\anaconda3\lib\site-packages\selenium\webdriver\remote\errorhandler.py", line 242, in check_response
    raise exception_class(message, screen, stacktrace)
selenium.common.exceptions.NoSuchElementException: Message: no such element: Unable to locate element: {"method":"css selector","selector":"[id="price"]"}
  (Session info: headless chrome=90.0.4430.93)


要素取得エラー：Traceback (most recent call last):
  File "e:\jobs\自作ツール\まとめてサクラチェッカー\engine\amazonserch.py", line 72, in fetch_details_info
    'price').text
  File "C:\Users\kazu0920\anaconda3\lib\site-packages\selenium\webdriver\remote\webdriver.py", line 360, in find_element_by_id
    return self.find_element(by=By.ID, value=id_)
  File "C:\Users\kazu0920\anaconda3\lib\site-packages\selenium\webdriver\remote\webdriver.py", line 978, in find_element
    'value': value})['value']
  File "C:\Users\kazu0920\anaconda3\lib\site-packages\selenium\webdriver\remote\webdriver.py", line 321, in execute
    self.error_handler.check_response(response)
  File "C:\Users\kazu0920\anaconda3\lib\site-packages\selenium\webdriver\remote\errorhandler.py", line 242, in check_response
    raise exception_class(message, screen, stacktrace)
selenium.common.exceptions.NoSuchElementException: Message: no such element: Unable to locate element: {"method":"css selector","selector":"[id="price"]"}
  (Session info: headless chrome=90.0.4430.93)


要素取得エラー：Traceback (most recent call last):
  File "e:\jobs\自作ツール\まとめてサクラチェッカー\engine\amazonserch.py", line 72, in fetch_details_info
    'price').text
  File "C:\Users\kazu0920\anaconda3\lib\site-packages\selenium\webdriver\remote\webdriver.py", line 360, in find_element_by_id
    return self.find_element(by=By.ID, value=id_)
  File "C:\Users\kazu0920\anaconda3\lib\site-packages\selenium\webdriver\remote\webdriver.py", line 978, in find_element
    'value': value})['value']
  File "C:\Users\kazu0920\anaconda3\lib\site-packages\selenium\webdriver\remote\webdriver.py", line 321, in execute
    self.error_handler.check_response(response)
  File "C:\Users\kazu0920\anaconda3\lib\site-packages\selenium\webdriver\remote\errorhandler.py", line 242, in check_response
    raise exception_class(message, screen, stacktrace)
selenium.common.exceptions.NoSuchElementException: Message: no such element: Unable to locate element: {"method":"css selector","selector":"[id="price"]"}
  (Session info: headless chrome=90.0.4430.93)


要素取得エラー：Traceback (most recent call last):
  File "e:\jobs\自作ツール\まとめてサクラチェッカー\engine\amazonserch.py", line 72, in fetch_details_info
    'price').text
  File "C:\Users\kazu0920\anaconda3\lib\site-packages\selenium\webdriver\remote\webdriver.py", line 360, in find_element_by_id
    return self.find_element(by=By.ID, value=id_)
  File "C:\Users\kazu0920\anaconda3\lib\site-packages\selenium\webdriver\remote\webdriver.py", line 978, in find_element
    'value': value})['value']
  File "C:\Users\kazu0920\anaconda3\lib\site-packages\selenium\webdriver\remote\webdriver.py", line 321, in execute
    self.error_handler.check_response(response)
  File "C:\Users\kazu0920\anaconda3\lib\site-packages\selenium\webdriver\remote\errorhandler.py", line 242, in check_response
    raise exception_class(message, screen, stacktrace)
selenium.common.exceptions.NoSuchElementException: Message: no such element: Unable to locate element: {"method":"css selector","selector":"[id="price"]"}
  (Session info: headless chrome=90.0.4430.93)


要素取得エラー：Traceback (most recent call last):
  File "e:\jobs\自作ツール\まとめてサクラチェッカー\engine\amazonserch.py", line 72, in fetch_details_info
    'price').text
  File "C:\Users\kazu0920\anaconda3\lib\site-packages\selenium\webdriver\remote\webdriver.py", line 360, in find_element_by_id
    return self.find_element(by=By.ID, value=id_)
  File "C:\Users\kazu0920\anaconda3\lib\site-packages\selenium\webdriver\remote\webdriver.py", line 978, in find_element
    'value': value})['value']
  File "C:\Users\kazu0920\anaconda3\lib\site-packages\selenium\webdriver\remote\webdriver.py", line 321, in execute
    self.error_handler.check_response(response)
  File "C:\Users\kazu0920\anaconda3\lib\site-packages\selenium\webdriver\remote\errorhandler.py", line 242, in check_response
    raise exception_class(message, screen, stacktrace)
selenium.common.exceptions.NoSuchElementException: Message: no such element: Unable to locate element: {"method":"css selector","selector":"[id="price"]"}
  (Session info: headless chrome=90.0.4430.93)


要素取得エラー：Traceback (most recent call last):
  File "e:\jobs\自作ツール\まとめてサクラチェッカー\engine\amazonserch.py", line 72, in fetch_details_info
    'price').text
  File "C:\Users\kazu0920\anaconda3\lib\site-packages\selenium\webdriver\remote\webdriver.py", line 360, in find_element_by_id
    return self.find_element(by=By.ID, value=id_)
  File "C:\Users\kazu0920\anaconda3\lib\site-packages\selenium\webdriver\remote\webdriver.py", line 978, in find_element
    'value': value})['value']
  File "C:\Users\kazu0920\anaconda3\lib\site-packages\selenium\webdriver\remote\webdriver.py", line 321, in execute
    self.error_handler.check_response(response)
  File "C:\Users\kazu0920\anaconda3\lib\site-packages\selenium\webdriver\remote\errorhandler.py", line 242, in check_response
    raise exception_class(message, screen, stacktrace)
selenium.common.exceptions.NoSuchElementException: Message: no such element: Unable to locate element: {"method":"css selector","selector":"[id="price"]"}
  (Session info: headless chrome=90.0.4430.93)


要素取得エラー：Traceback (most recent call last):
  File "e:\jobs\自作ツール\まとめてサクラチェッカー\engine\amazonserch.py", line 72, in fetch_details_info
    'price').text
  File "C:\Users\kazu0920\anaconda3\lib\site-packages\selenium\webdriver\remote\webdriver.py", line 360, in find_element_by_id
    return self.find_element(by=By.ID, value=id_)
  File "C:\Users\kazu0920\anaconda3\lib\site-packages\selenium\webdriver\remote\webdriver.py", line 978, in find_element
    'value': value})['value']
  File "C:\Users\kazu0920\anaconda3\lib\site-packages\selenium\webdriver\remote\webdriver.py", line 321, in execute
    self.error_handler.check_response(response)
  File "C:\Users\kazu0920\anaconda3\lib\site-packages\selenium\webdriver\remote\errorhandler.py", line 242, in check_response
    raise exception_class(message, screen, stacktrace)
selenium.common.exceptions.NoSuchElementException: Message: no such element: Unable to locate element: {"method":"css selector","selector":"[id="price"]"}
  (Session info: headless chrome=90.0.4430.93)


要素取得エラー：Traceback (most recent call last):
  File "e:\jobs\自作ツール\まとめてサクラチェッカー\engine\amazonserch.py", line 72, in fetch_details_info
    'price').text
  File "C:\Users\kazu0920\anaconda3\lib\site-packages\selenium\webdriver\remote\webdriver.py", line 360, in find_element_by_id
    return self.find_element(by=By.ID, value=id_)
  File "C:\Users\kazu0920\anaconda3\lib\site-packages\selenium\webdriver\remote\webdriver.py", line 978, in find_element
    'value': value})['value']
  File "C:\Users\kazu0920\anaconda3\lib\site-packages\selenium\webdriver\remote\webdriver.py", line 321, in execute
    self.error_handler.check_response(response)
  File "C:\Users\kazu0920\anaconda3\lib\site-packages\selenium\webdriver\remote\errorhandler.py", line 242, in check_response
    raise exception_class(message, screen, stacktrace)
selenium.common.exceptions.NoSuchElementException: Message: no such element: Unable to locate element: {"method":"css selector","selector":"[id="price"]"}
  (Session info: headless chrome=90.0.4430.93)


要素取得エラー：Traceback (most recent call last):
  File "e:\jobs\自作ツール\まとめてサクラチェッカー\engine\amazonserch.py", line 72, in fetch_details_info
    'price').text
  File "C:\Users\kazu0920\anaconda3\lib\site-packages\selenium\webdriver\remote\webdriver.py", line 360, in find_element_by_id
    return self.find_element(by=By.ID, value=id_)
  File "C:\Users\kazu0920\anaconda3\lib\site-packages\selenium\webdriver\remote\webdriver.py", line 978, in find_element
    'value': value})['value']
  File "C:\Users\kazu0920\anaconda3\lib\site-packages\selenium\webdriver\remote\webdriver.py", line 321, in execute
    self.error_handler.check_response(response)
  File "C:\Users\kazu0920\anaconda3\lib\site-packages\selenium\webdriver\remote\errorhandler.py", line 242, in check_response
    raise exception_class(message, screen, stacktrace)
selenium.common.exceptions.NoSuchElementException: Message: no such element: Unable to locate element: {"method":"css selector","selector":"[id="price"]"}
  (Session info: headless chrome=90.0.4430.93)


詳細の取得完了：49 件
要素取得エラー：Traceback (most recent call last):
  File "e:\jobs\自作ツール\まとめてサクラチェッカー\engine\amazonserch.py", line 72, in fetch_details_info
    'price').text
  File "C:\Users\kazu0920\anaconda3\lib\site-packages\selenium\webdriver\remote\webdriver.py", line 360, in find_element_by_id
    return self.find_element(by=By.ID, value=id_)
  File "C:\Users\kazu0920\anaconda3\lib\site-packages\selenium\webdriver\remote\webdriver.py", line 978, in find_element
    'value': value})['value']
  File "C:\Users\kazu0920\anaconda3\lib\site-packages\selenium\webdriver\remote\webdriver.py", line 321, in execute
    self.error_handler.check_response(response)
  File "C:\Users\kazu0920\anaconda3\lib\site-packages\selenium\webdriver\remote\errorhandler.py", line 242, in check_response
    raise exception_class(message, screen, stacktrace)
selenium.common.exceptions.NoSuchElementException: Message: no such element: Unable to locate element: {"method":"css selector","selector":"[id="price"]"}
  (Session info: headless chrome=90.0.4430.93)


要素取得エラー：Traceback (most recent call last):
  File "e:\jobs\自作ツール\まとめてサクラチェッカー\engine\amazonserch.py", line 72, in fetch_details_info
    'price').text
  File "C:\Users\kazu0920\anaconda3\lib\site-packages\selenium\webdriver\remote\webdriver.py", line 360, in find_element_by_id
    return self.find_element(by=By.ID, value=id_)
  File "C:\Users\kazu0920\anaconda3\lib\site-packages\selenium\webdriver\remote\webdriver.py", line 978, in find_element
    'value': value})['value']
  File "C:\Users\kazu0920\anaconda3\lib\site-packages\selenium\webdriver\remote\webdriver.py", line 321, in execute
    self.error_handler.check_response(response)
  File "C:\Users\kazu0920\anaconda3\lib\site-packages\selenium\webdriver\remote\errorhandler.py", line 242, in check_response
    raise exception_class(message, screen, stacktrace)
selenium.common.exceptions.NoSuchElementException: Message: no such element: Unable to locate element: {"method":"css selector","selector":"[id="price"]"}
  (Session info: headless chrome=90.0.4430.93)


詳細の取得完了：40 件
取得データ：                                                     0       1     2                                                  3                                                  4
0    HP 15s ノートパソコン 15.6インチ フルHD AMD Ryzen5 8GB 256...   77800   4.0  https://images-na.ssl-images-amazon.com/images...  https://www.amazon.co.jp/gp/slredirect/picasso...
1    HP ノートパソコン インテル第11世代 Core i5/8GBメモリ/256GB SSD ...  144800   3.0  https://images-na.ssl-images-amazon.com/images...  https://www.amazon.co.jp/gp/slredirect/picasso...
2    HP ノートパソコン HP ENVY x360 13 13.3インチ フルHDタッチパネルデ...   99900   4.0  https://images-na.ssl-images-amazon.com/images...  https://www.amazon.co.jp/gp/slredirect/picasso...
3    Lenovo ノートPC YOGA14/12.5型/タッチパネル/MS Office 201...  123380   5.0  https://images-na.ssl-images-amazon.com/images...  https://www.amazon.co.jp/gp/slredirect/picasso...
4    ASUS ZenBook 13 UX331UA Ultra-Slim Laptop 13.3...  157238  評価無し  https://images-na.ssl-images-amazon.com/images...  https://www.amazon.co.jp/ASUS-Ultra-Slim-WideV...
..                                                 ...     ...   ...                                                ...                                                ...
97   2020 Acer Aspire 5 スリム ノートパソコン 15.6 FHD IPS ディ...  115320   5.0  https://images-na.ssl-images-amazon.com/images...  https://www.amazon.co.jp/Acer-%E3%83%87%E3%82%...
98   【中古パソコン】国産大手メーカー CF-SZ5 シリーズ第六世代Core i5 6300U　...   42800   4.0  https://images-na.ssl-images-amazon.com/images...  https://www.amazon.co.jp/gp/slredirect/picasso...
99   薄型ノートPC/wajun(ワジュン) Pro-X11/未使用品/MS Office 201...  267900   5.0  https://images-na.ssl-images-amazon.com/images...  https://www.amazon.co.jp/gp/slredirect/picasso...
100  インテル Core i7搭載 ASUS 薄型 軽量 ノートパソコン ZenBook 13 U...  134800   5.0  https://images-na.ssl-images-amazon.com/images...  https://www.amazon.co.jp/gp/slredirect/picasso...
101  BMAX Y13 2-in-1 13.3インチノートPC windows10 インテルN41...   48300   5.0  https://images-na.ssl-images-amazon.com/images...  https://www.amazon.co.jp/gp/slredirect/picasso...

[102 rows x 5 columns]
処理時間：140.11616468429565 sec
#############END#############
